Removed Pin From Net: NetName=GND Pin=C6-2
Removed Pin From Net: NetName=GND Pin=C7-2
Removed Pin From Net: NetName=GND Pin=J5-A1
Removed Pin From Net: NetName=GND Pin=J5-A12
Removed Pin From Net: NetName=GND Pin=J5-B1
Removed Pin From Net: NetName=GND Pin=J5-B12
Removed Pin From Net: NetName=GND Pin=J5-SH1
Removed Pin From Net: NetName=GND Pin=J5-SH2
Removed Pin From Net: NetName=GND Pin=J5-SH3
Removed Pin From Net: NetName=GND Pin=J5-SH4
Removed Pin From Net: NetName=TXD0 Pin=R38-1
Removed Pin From Net: NetName=DTR Pin=R39-1
Removed Pin From Net: NetName=RTS Pin=R40-1
Removed Pin From Net: NetName=GND Pin=R41-2
Removed Pin From Net: NetName=RXD0 Pin=R42-1
Removed Pin From Net: NetName=GND Pin=R45-2
Removed Pin From Net: NetName=GND Pin=U6-7
Removed Pin From Net: NetName=GND Pin=U6-18
Removed Pin From Net: NetName=GND Pin=U6-21
Removed Pin From Net: NetName=GND Pin=U6-25
Removed Pin From Net: NetName=GND Pin=U6-26
Removed Member From Class: ClassName=Controller Member=C6
Removed Member From Class: ClassName=Controller Member=C7
Removed Member From Class: ClassName=Controller Member=D2
Removed Member From Class: ClassName=Controller Member=D3
Removed Member From Class: ClassName=Controller Member=J5
Removed Member From Class: ClassName=Controller Member=R38
Removed Member From Class: ClassName=Controller Member=R39
Removed Member From Class: ClassName=Controller Member=R40
Removed Member From Class: ClassName=Controller Member=R41
Removed Member From Class: ClassName=Controller Member=R42
Removed Member From Class: ClassName=Controller Member=R43
Removed Member From Class: ClassName=Controller Member=R44
Removed Member From Class: ClassName=Controller Member=R45
Removed Member From Class: ClassName=Controller Member=R47
Removed Member From Class: ClassName=Controller Member=U6
